This is pdfTeX, Version 3.14159265-2.6-1.40.21 (MiKTeX 2.9.7440 64-bit) (preloaded format=pdflatex 2022.1.31)  4 OCT 2022 21:56
entering extended mode
**"c:/Users/Admin/OneDrive - AUT University/PHD Journey/Papers/Journal of big data - BD and MS/Manuscript/journal_version/bmc_article.tex"
("c:/Users/Admin/OneDrive - AUT University/PHD Journey/Papers/Journal of big data - BD and MS/Manuscript/journal_version/bmc_article.tex"
LaTeX2e <2020-02-02> patch level 5
L3 programming layer <2020-05-15> ("c:/Users\Admin\OneDrive - AUT University\PHD Journey\Papers\Journal of big data - BD and MS\Manuscript\journal_version\bmcart.cls"
Document Class: bmcart 2017/07/31BioMed Central class (VS)
(D:\MikTex\tex/latex/base\article.cls
Document Class: article 2019/12/20 v1.4l Standard LaTeX document class
(D:\MikTex\tex/latex/base\size10.clo
File: size10.clo 2019/12/20 v1.4l Standard LaTeX file (size option)
)
\c@part=\count167
\c@section=\count168
\c@subsection=\count169
\c@subsubsection=\count170
\c@paragraph=\count171
\c@subparagraph=\count172
\c@figure=\count173
\c@table=\count174
\abovecaptionskip=\skip47
\belowcaptionskip=\skip48
\bibindent=\dimen134
)
\mathindent=\dimen135
 (D:\MikTex\tex/latex/graphics\keyval.sty
Package: keyval 2014/10/28 v1.15 key=value parser (DPC)
\KV@toks@=\toks15
) (D:\MikTex\tex/latex/xcolor\xcolor.sty
Package: xcolor 2016/05/11 v2.12 LaTeX color extensions (UK)
 (D:\MikTex\tex/latex/graphics-cfg\color.cfg
File: color.cfg 2016/01/02 v1.6 sample color configuration
)
Package xcolor Info: Driver file: pdftex.def on input line 225.
 (D:\MikTex\tex/latex/graphics-def\pdftex.def
File: pdftex.def 2018/01/08 v1.0l Graphics/color driver for pdftex
)
Package xcolor Info: Model `cmy' substituted by `cmy0' on input line 1348.
Package xcolor Info: Model `hsb' substituted by `rgb' on input line 1352.
Package xcolor Info: Model `RGB' extended on input line 1364.
Package xcolor Info: Model `HTML' substituted by `rgb' on input line 1366.
Package xcolor Info: Model `Hsb' substituted by `hsb' on input line 1367.
Package xcolor Info: Model `tHsb' substituted by `hsb' on input line 1368.
Package xcolor Info: Model `HSB' substituted by `hsb' on input line 1369.
Package xcolor Info: Model `Gray' substituted by `gray' on input line 1370.
Package xcolor Info: Model `wave' substituted by `hsb' on input line 1371.
) (D:\MikTex\tex/latex/lastpage\lastpage.sty
Package: lastpage 2021/09/03 v1.2n Refers to last page's name (HMM; JPG)
)
\c@thanks=\count175
\bmcfloat@box=\box45
\c@author=\count176
\c@address=\count177
\sv@mathsurround=\dimen136
\fm@box=\box46
\c@addressref=\count178
\thanks@box=\box47
\abstract@box=\box48
\authors@list=\toks16
\keywords@list=\toks17
) (D:\MikTex\tex/latex/amscls\amsthm.sty
Package: amsthm 2020/05/29 v2.20.6
\thm@style=\toks18
\thm@bodyfont=\toks19
\thm@headfont=\toks20
\thm@notefont=\toks21
\thm@headpunct=\toks22
\thm@preskip=\skip49
\thm@postskip=\skip50
\thm@headsep=\skip51
\dth@everypar=\toks23
) (D:\MikTex\tex/latex/amsmath\amsmath.sty
Package: amsmath 2020/01/20 v2.17e AMS math features
\@mathmargin=\skip52

For additional information on amsmath, use the `?' option.
(D:\MikTex\tex/latex/amsmath\amstext.sty
Package: amstext 2000/06/29 v2.01 AMS text
 (D:\MikTex\tex/latex/amsmath\amsgen.sty
File: amsgen.sty 1999/11/30 v2.0 generic functions
\@emptytoks=\toks24
\ex@=\dimen137
)) (D:\MikTex\tex/latex/amsmath\amsbsy.sty
Package: amsbsy 1999/11/29 v1.2d Bold Symbols
\pmbraise@=\dimen138
) (D:\MikTex\tex/latex/amsmath\amsopn.sty
Package: amsopn 2016/03/08 v2.02 operator names
)
\inf@bad=\count179
LaTeX Info: Redefining \frac on input line 227.
\uproot@=\count180
\leftroot@=\count181
LaTeX Info: Redefining \overline on input line 389.
\classnum@=\count182
\DOTSCASE@=\count183
LaTeX Info: Redefining \ldots on input line 486.
LaTeX Info: Redefining \dots on input line 489.
LaTeX Info: Redefining \cdots on input line 610.
\Mathstrutbox@=\box49
\strutbox@=\box50
\big@size=\dimen139
LaTeX Font Info:    Redeclaring font encoding OML on input line 733.
LaTeX Font Info:    Redeclaring font encoding OMS on input line 734.
\macc@depth=\count184
\c@MaxMatrixCols=\count185
\dotsspace@=\muskip16
\c@parentequation=\count186
\dspbrk@lvl=\count187
\tag@help=\toks25
\row@=\count188
\column@=\count189
\maxfields@=\count190
\andhelp@=\toks26
\eqnshift@=\dimen140
\alignsep@=\dimen141
\tagshift@=\dimen142
\tagwidth@=\dimen143
\totwidth@=\dimen144
\lineht@=\dimen145
\@envbody=\toks27
\multlinegap=\skip53
\multlinetaggap=\skip54
\mathdisplay@stack=\toks28
LaTeX Info: Redefining \[ on input line 2859.
LaTeX Info: Redefining \] on input line 2860.
) (D:\MikTex\tex/latex/base\inputenc.sty
Package: inputenc 2018/08/11 v1.3c Input encoding file
\inpenc@prehook=\toks29
\inpenc@posthook=\toks30
) (D:\MikTex\tex/latex/amsfonts\amssymb.sty
Package: amssymb 2013/01/14 v3.01 AMS font symbols
 (D:\MikTex\tex/latex/amsfonts\amsfonts.sty
Package: amsfonts 2013/01/14 v3.01 Basic AMSFonts support
\symAMSa=\mathgroup4
\symAMSb=\mathgroup5
LaTeX Font Info:    Redeclaring math symbol \hbar on input line 98.
LaTeX Font Info:    Overwriting math alphabet `\mathfrak' in version `bold'
(Font)                  U/euf/m/n --> U/euf/b/n on input line 106.
)) (D:\MikTex\tex/latex/algorithms\algorithmic.sty
Package: algorithmic 2009/08/24 v0.1 Document Style `algorithmic'
 (D:\MikTex\tex/latex/base\ifthen.sty
Package: ifthen 2014/09/29 v1.1c Standard LaTeX ifthen package (DPC)
)
\c@ALC@unique=\count191
\c@ALC@line=\count192
\c@ALC@rem=\count193
\c@ALC@depth=\count194
\ALC@tlm=\skip55
\algorithmicindent=\skip56
) (D:\MikTex\tex/latex/graphics\graphicx.sty
Package: graphicx 2019/11/30 v1.2a Enhanced LaTeX Graphics (DPC,SPQR)
 (D:\MikTex\tex/latex/graphics\graphics.sty
Package: graphics 2019/11/30 v1.4a Standard LaTeX Graphics (DPC,SPQR)
 (D:\MikTex\tex/latex/graphics\trig.sty
Package: trig 2016/01/03 v1.10 sin cos tan (DPC)
) (D:\MikTex\tex/latex/graphics-cfg\graphics.cfg
File: graphics.cfg 2016/06/04 v1.11 sample graphics configuration
)
Package graphics Info: Driver file: pdftex.def on input line 105.
)
\Gin@req@height=\dimen146
\Gin@req@width=\dimen147
) (D:\MikTex\tex/latex/base\textcomp.sty
Package: textcomp 2020/02/02 v2.0n Standard LaTeX package
) (D:\MikTex\tex/latex/tools\array.sty
Package: array 2019/08/31 v2.4l Tabular extension package (FMi)
\col@sep=\dimen148
\ar@mcellbox=\box51
\extrarowheight=\dimen149
\NC@list=\toks31
\extratabsurround=\skip57
\backup@length=\skip58
\ar@cellbox=\box52
) (D:\MikTex\tex/latex/etoolbox\etoolbox.sty
Package: etoolbox 2019/09/21 v2.5h e-TeX tools for LaTeX (JAW)
\etb@tempcnta=\count195
) (D:\MikTex\tex/latex/multirow\multirow.sty
Package: multirow 2019/05/31 v2.5 Span multiple rows of a table
\multirow@colwidth=\skip59
\multirow@cntb=\count196
\multirow@dima=\skip60
\bigstrutjot=\dimen150
) (D:\MikTex\tex/latex/float\float.sty
Package: float 2001/11/08 v1.3d Float enhancements (AL)
\c@float@type=\count197
\float@exts=\toks32
\float@box=\box53
\@float@everytoks=\toks33
\@floatcapt=\box54
) (D:\MikTex\tex/latex/caption\caption.sty
Package: caption 2020/05/10 v3.4j Customizing captions (AR)
 (D:\MikTex\tex/latex/caption\caption3.sty
Package: caption3 2020/05/10 v1.11 caption3 kernel (AR)
Package caption3 Info: TeX engine: e-TeX on input line 61.
\captionmargin=\dimen151
\captionmargin@=\dimen152
\captionwidth=\dimen153
\caption@tempdima=\dimen154
\caption@indent=\dimen155
\caption@parindent=\dimen156
\caption@hangindent=\dimen157
Package caption Info: Unknown document class (or package),
(caption)             standard defaults will be used.
Package caption Info: \@makecaption = \long macro:#1#2-> \vskip \abovecaptionskip \parbox [t]{\hsize }{\floatcaption@size {\floatcaptionname@size #1}\hskip .5em #2\par }\vskip \belowcaptionskip  on input line 1053.
)

Package caption Warning: Unknown document class (or package),
(caption)                standard defaults will be used.
See the caption package documentation for explanation.

\c@caption@flags=\count198
\c@continuedfloat=\count199
Package caption Info: float package is loaded.
) (D:\MikTex\tex/latex/l3backend\l3backend-pdfmode.def
File: l3backend-pdfmode.def 2020-05-05 L3 backend support: PDF mode
\l__kernel_color_stack_int=\count266
\l__pdf_internal_box=\box55
) ("c:/Users\Admin\OneDrive - AUT University\PHD Journey\Papers\Journal of big data - BD and MS\Manuscript\journal_version\bmc_article.aux")
\openout1 = `bmc_article.aux'.

LaTeX Font Info:    Checking defaults for OML/cmm/m/it on input line 93.
LaTeX Font Info:    ... okay on input line 93.
LaTeX Font Info:    Checking defaults for OMS/cmsy/m/n on input line 93.
LaTeX Font Info:    ... okay on input line 93.
LaTeX Font Info:    Checking defaults for OT1/cmr/m/n on input line 93.
LaTeX Font Info:    ... okay on input line 93.
LaTeX Font Info:    Checking defaults for T1/cmr/m/n on input line 93.
LaTeX Font Info:    ... okay on input line 93.
LaTeX Font Info:    Checking defaults for TS1/cmr/m/n on input line 93.
LaTeX Font Info:    ... okay on input line 93.
LaTeX Font Info:    Checking defaults for OMX/cmex/m/n on input line 93.
LaTeX Font Info:    ... okay on input line 93.
LaTeX Font Info:    Checking defaults for U/cmr/m/n on input line 93.
LaTeX Font Info:    ... okay on input line 93.
 (D:\MikTex\tex/context/base/mkii\supp-pdf.mkii
[Loading MPS to PDF converter (version 2006.09.02).]
\scratchcounter=\count267
\scratchdimen=\dimen158
\scratchbox=\box56
\nofMPsegments=\count268
\nofMParguments=\count269
\everyMPshowfont=\toks34
\MPscratchCnt=\count270
\MPscratchDim=\dimen159
\MPnumerator=\count271
\makeMPintoPDFobject=\count272
\everyMPtoPDFconversion=\toks35
) (D:\MikTex\tex/latex/epstopdf-pkg\epstopdf-base.sty
Package: epstopdf-base 2020-01-24 v2.11 Base part for package epstopdf
Package epstopdf-base Info: Redefining graphics rule for `.eps' on input line 485.
)
Package lastpage Info: Please have a look at the pageslts package at
(lastpage)             https://www.ctan.org/pkg/pageslts
(lastpage)             ! on input line 93.
Package caption Info: Begin \AtBeginDocument code.
Package caption Info: End \AtBeginDocument code.


LaTeX Font Warning: Font shape `OT1/cmss/bx/n' in size <13> not available
(Font)              size <12> substituted on input line 99.


LaTeX Font Warning: Font shape `OT1/cmss/m/n' in size <24> not available
(Font)              size <24.88> substituted on input line 107.

LaTeX Font Info:    Calculating math sizes for size <11> on input line 128.

LaTeX Font Warning: Font shape `OT1/cmr/m/n' in size <5.5> not available
(Font)              size <5> substituted on input line 128.


LaTeX Font Warning: Font shape `OML/cmm/m/it' in size <5.5> not available
(Font)              size <5> substituted on input line 128.


LaTeX Font Warning: Font shape `OMS/cmsy/m/n' in size <5.5> not available
(Font)              size <5> substituted on input line 128.

LaTeX Font Info:    Trying to load font information for U+msa on input line 128.
(D:\MikTex\tex/latex/amsfonts\umsa.fd
File: umsa.fd 2013/01/14 v3.01 AMS symbols A
)
LaTeX Font Info:    Trying to load font information for U+msb on input line 128.
 (D:\MikTex\tex/latex/amsfonts\umsb.fd
File: umsb.fd 2013/01/14 v3.01 AMS symbols B
)

LaTeX Warning: Reference `aff1thanks' on page 1 undefined on input line 128.


LaTeX Warning: Reference `aff1thanks' on page 1 undefined on input line 132.


LaTeX Warning: Reference `aff2thanks' on page 1 undefined on input line 132.

\address@aff1=\toks36
\address@aff2=\toks37

LaTeX Warning: Reference `aff1thanks' on page 1 undefined on input line 172.


LaTeX Warning: Citation `NewVantageSurvey' on page 1 undefined on input line 251.


LaTeX Warning: Citation `DataBricksSurvey' on page 1 undefined on input line 251.


LaTeX Warning: Citation `Richardson.2022' on page 1 undefined on input line 264.

LaTeX Font Info:    Font shape `OT1/cmss/m/it' in size <8> not available
(Font)              Font shape `OT1/cmss/m/sl' tried instead on input line 265.
[1{C:/Users/Admin/AppData/Local/MiKTeX/2.9/pdftex/config/pdftex.map}

]

LaTeX Warning: Citation `Ataei.2020' on page 2 undefined on input line 268.


LaTeX Warning: Citation `laigner2020monolithic' on page 2 undefined on input line 279.


LaTeX Warning: Citation `zhelev2019using' on page 2 undefined on input line 279.


LaTeX Warning: Citation `staegemann2021examining' on page 2 undefined on input line 281.


LaTeX Warning: Citation `Phi' on page 2 undefined on input line 281.


LaTeX Warning: Citation `ataei2021neomycelia' on page 2 undefined on input line 281.


LaTeX Warning: Citation `Kitchenham.2004' on page 2 undefined on input line 287.


LaTeX Warning: Citation `Page.2021' on page 2 undefined on input line 287.


LaTeX Warning: Citation `Cruzes.2011' on page 2 undefined on input line 287.

[2]

LaTeX Warning: Citation `Ataei.2020' on page 3 undefined on input line 301.


LaTeX Warning: Citation `Ataei.2020' on page 3 undefined on input line 303.


LaTeX Warning: Citation `SLRsearchTerms' on page 3 undefined on input line 316.

[3]

LaTeX Warning: Citation `tricco2018prisma' on page 4 undefined on input line 421.


LaTeX Warning: Citation `Kitchenham.2004' on page 4 undefined on input line 429.

[4]
Overfull \hbox (5.63907pt too wide) in paragraph at lines 492--492
[]|\OT1/cmss/m/n/8 Quality
 []


Underfull \hbox (badness 10000) in paragraph at lines 492--493
[]|\OT1/cmss/m/n/8 Rating to
 []


Underfull \hbox (badness 10000) in paragraph at lines 500--501
\OT1/cmss/m/n/8 clearly com-mu-ni-cated,
 []


LaTeX Warning: `h' float specifier changed to `ht'.

[5]

LaTeX Warning: Citation `Cruzes.2011' on page 6 undefined on input line 537.

[6]

LaTeX Warning: Citation `laplante2017requirements' on page 7 undefined on input line 553.


LaTeX Warning: Citation `Bughin2016' on page 7 undefined on input line 557.


LaTeX Warning: Citation `rad2017big' on page 7 undefined on input line 557.


LaTeX Warning: Citation `nadal2017software' on page 7 undefined on input line 557.


LaTeX Warning: Citation `Chang.2019' on page 7 undefined on input line 557.


LaTeX Warning: Citation `ataei2020big' on page 7 undefined on input line 563.


LaTeX Warning: Citation `kassab2014state' on page 7 undefined on input line 566.


LaTeX Warning: Citation `ISO29148' on page 7 undefined on input line 566.


LaTeX Warning: Citation `abran2004software' on page 7 undefined on input line 566.


Underfull \hbox (badness 10000) in paragraph at lines 604--604
[]|\OT1/cmss/m/n/8 Security
 []


Underfull \hbox (badness 10000) in paragraph at lines 604--604
\OT1/cmss/m/n/8 & Pri-
 []


Overfull \hbox (153.58728pt too wide) in paragraph at lines 574--619
 [][] 
 []


LaTeX Warning: `h' float specifier changed to `ht'.


LaTeX Warning: Citation `Richardson.2022' on page 7 undefined on input line 624.


LaTeX Warning: Citation `MSPatterns' on page 7 undefined on input line 624.

[7]

LaTeX Warning: Citation `lankhorst2013language' on page 8 undefined on input line 1026.


LaTeX Warning: Citation `Chaabane' on page 8 undefined on input line 1026.

[8]

LaTeX Warning: Citation `ataei2020big' on page 9 undefined on input line 1043.

[9]

LaTeX Warning: Citation `DataBricksSurvey' on page 10 undefined on input line 1072.


LaTeX Warning: Citation `ataei2021neomycelia' on page 10 undefined on input line 1076.

[10] [11] [12] [13]

LaTeX Warning: Citation `eryurek2021data' on page 14 undefined on input line 1149.

[14]

LaTeX Warning: Citation `wieringa2014design' on page 15 undefined on input line 1167.


LaTeX Warning: Citation `kallio2016systematic' on page 15 undefined on input line 1167.

[15]

LaTeX Warning: Citation `kallio2016systematic' on page 16 undefined on input line 1176.


LaTeX Warning: Citation `interviewGuide' on page 16 undefined on input line 1186.

[16] ("c:/Users\Admin\OneDrive - AUT University\PHD Journey\Papers\Journal of big data - BD and MS\Manuscript\journal_version\bmc_article.bbl") 
AED: lastpage setting LastPage
[17] ("c:/Users\Admin\OneDrive - AUT University\PHD Journey\Papers\Journal of big data - BD and MS\Manuscript\journal_version\bmc_article.aux")

LaTeX Font Warning: Size substitutions with differences
(Font)              up to 1.0pt have occurred.


LaTeX Warning: There were undefined references.

 ) 
Here is how much of TeX's memory you used:
 5218 strings out of 480795
 72814 string characters out of 2913777
 324620 words of memory out of 3000000
 21167 multiletter control sequences out of 15000+200000
 544192 words of font info for 69 fonts, out of 3000000 for 9000
 1141 hyphenation exceptions out of 8191
 38i,10n,43p,1540b,344s stack positions out of 5000i,500n,10000p,200000b,50000s
<D:/MikTex/fonts/type1/public/amsfonts/cm/cmbx10.pfb><D:/MikTex/fonts/type1/public/amsfonts/cm/cmbx5.pfb><D:/MikTex/fonts/type1/public/amsfonts/cm/cmbx8.pfb><D:/MikTex/fonts/type1/public/amsfonts/cm/cmr10.pfb><D:/MikTex/fonts/type1/public/amsfonts/cm/cmss10.pfb><D:/MikTex/fonts/type1/public/amsfonts/cm/cmss17.pfb><D:/MikTex/fonts/type1/public/amsfonts/cm/cmss8.pfb><D:/MikTex/fonts/type1/public/amsfonts/cm/cmssbx10.pfb><D:/MikTex/fonts/type1/public/amsfonts/cm/cmti10.pfb>
Output written on "c:/Users\Admin\OneDrive - AUT University\PHD Journey\Papers\Journal of big data - BD and MS\Manuscript\journal_version\bmc_article.pdf" (17 pages, 185090 bytes).
PDF statistics:
 93 PDF objects out of 1000 (max. 8388607)
 0 named destinations out of 1000 (max. 500000)
 1 words of extra memory for PDF output out of 10000 (max. 10000000)

