This is pdfTeX, Version 3.141592653-2.6-1.40.24 (TeX Live 2022/Arch Linux) (preloaded format=pdflatex 2022.11.30)  3 DEC 2022 21:10
entering extended mode
 restricted \write18 enabled.
 file:line:error style messages enabled.
 %&-line parsing enabled.
**/home/pouya/Desktop/projects/msAndBDJournal/Manuscript/journal_version/Microservices-and_BD-Journal.tex
(/home/pouya/Desktop/projects/msAndBDJournal/Manuscript/journal_version/Microservices-and_BD-Journal.tex
LaTeX2e <2021-11-15> patch level 1
L3 programming layer <2022-04-10> (./bmcart.cls
Document Class: bmcart 2017/07/31BioMed Central class (VS)
(/usr/share/texmf-dist/tex/latex/base/article.cls
Document Class: article 2021/10/04 v1.4n Standard LaTeX document class
(/usr/share/texmf-dist/tex/latex/base/size10.clo
File: size10.clo 2021/10/04 v1.4n Standard LaTeX file (size option)
)
\c@part=\count185
\c@section=\count186
\c@subsection=\count187
\c@subsubsection=\count188
\c@paragraph=\count189
\c@subparagraph=\count190
\c@figure=\count191
\c@table=\count192
\abovecaptionskip=\skip47
\belowcaptionskip=\skip48
\bibindent=\dimen138
)
\mathindent=\dimen139
 (/usr/share/texmf-dist/tex/latex/graphics/keyval.sty
Package: keyval 2014/10/28 v1.15 key=value parser (DPC)
\KV@toks@=\toks16
) (/usr/share/texmf-dist/tex/latex/xcolor/xcolor.sty
Package: xcolor 2021/10/31 v2.13 LaTeX color extensions (UK)
 (/usr/share/texmf-dist/tex/latex/graphics-cfg/color.cfg
File: color.cfg 2016/01/02 v1.6 sample color configuration
)
Package xcolor Info: Driver file: pdftex.def on input line 227.
 (/usr/share/texmf-dist/tex/latex/graphics-def/pdftex.def
File: pdftex.def 2020/10/05 v1.2a Graphics/color driver for pdftex
)
Package xcolor Info: Model `cmy' substituted by `cmy0' on input line 1352.
Package xcolor Info: Model `hsb' substituted by `rgb' on input line 1356.
Package xcolor Info: Model `RGB' extended on input line 1368.
Package xcolor Info: Model `HTML' substituted by `rgb' on input line 1370.
Package xcolor Info: Model `Hsb' substituted by `hsb' on input line 1371.
Package xcolor Info: Model `tHsb' substituted by `hsb' on input line 1372.
Package xcolor Info: Model `HSB' substituted by `hsb' on input line 1373.
Package xcolor Info: Model `Gray' substituted by `gray' on input line 1374.
Package xcolor Info: Model `wave' substituted by `hsb' on input line 1375.
) (/usr/share/texmf-dist/tex/latex/lastpage/lastpage.sty
Package: lastpage 2021/09/03 v1.2n Refers to last page's name (HMM; JPG)
)
\c@thanks=\count193
\bmcfloat@box=\box50
\c@author=\count194
\c@address=\count195
\sv@mathsurround=\dimen140
\fm@box=\box51
\c@addressref=\count196
\thanks@box=\box52
\abstract@box=\box53
\authors@list=\toks17
\keywords@list=\toks18
) (/usr/share/texmf-dist/tex/latex/amscls/amsthm.sty
Package: amsthm 2020/05/29 v2.20.6
\thm@style=\toks19
\thm@bodyfont=\toks20
\thm@headfont=\toks21
\thm@notefont=\toks22
\thm@headpunct=\toks23
\thm@preskip=\skip49
\thm@postskip=\skip50
\thm@headsep=\skip51
\dth@everypar=\toks24
) (/usr/share/texmf-dist/tex/latex/amsmath/amsmath.sty
Package: amsmath 2021/10/15 v2.17l AMS math features
\@mathmargin=\skip52

For additional information on amsmath, use the `?' option.
(/usr/share/texmf-dist/tex/latex/amsmath/amstext.sty
Package: amstext 2021/08/26 v2.01 AMS text
 (/usr/share/texmf-dist/tex/latex/amsmath/amsgen.sty
File: amsgen.sty 1999/11/30 v2.0 generic functions
\@emptytoks=\toks25
\ex@=\dimen141
)) (/usr/share/texmf-dist/tex/latex/amsmath/amsbsy.sty
Package: amsbsy 1999/11/29 v1.2d Bold Symbols
\pmbraise@=\dimen142
) (/usr/share/texmf-dist/tex/latex/amsmath/amsopn.sty
Package: amsopn 2021/08/26 v2.02 operator names
)
\inf@bad=\count197
LaTeX Info: Redefining \frac on input line 234.
\uproot@=\count198
\leftroot@=\count199
LaTeX Info: Redefining \overline on input line 399.
\classnum@=\count266
\DOTSCASE@=\count267
LaTeX Info: Redefining \ldots on input line 496.
LaTeX Info: Redefining \dots on input line 499.
LaTeX Info: Redefining \cdots on input line 620.
\Mathstrutbox@=\box54
\strutbox@=\box55
\big@size=\dimen143
LaTeX Font Info:    Redeclaring font encoding OML on input line 743.
LaTeX Font Info:    Redeclaring font encoding OMS on input line 744.
\macc@depth=\count268
\c@MaxMatrixCols=\count269
\dotsspace@=\muskip16
\c@parentequation=\count270
\dspbrk@lvl=\count271
\tag@help=\toks26
\row@=\count272
\column@=\count273
\maxfields@=\count274
\andhelp@=\toks27
\eqnshift@=\dimen144
\alignsep@=\dimen145
\tagshift@=\dimen146
\tagwidth@=\dimen147
\totwidth@=\dimen148
\lineht@=\dimen149
\@envbody=\toks28
\multlinegap=\skip53
\multlinetaggap=\skip54
\mathdisplay@stack=\toks29
LaTeX Info: Redefining \[ on input line 2938.
LaTeX Info: Redefining \] on input line 2939.
) (/usr/share/texmf-dist/tex/latex/hyperref/hyperref.sty
Package: hyperref 2022-02-21 v7.00n Hypertext links for LaTeX
 (/usr/share/texmf-dist/tex/generic/ltxcmds/ltxcmds.sty
Package: ltxcmds 2020-05-10 v1.25 LaTeX kernel commands for general use (HO)
) (/usr/share/texmf-dist/tex/generic/iftex/iftex.sty
Package: iftex 2022/02/03 v1.0f TeX engine tests
) (/usr/share/texmf-dist/tex/generic/pdftexcmds/pdftexcmds.sty
Package: pdftexcmds 2020-06-27 v0.33 Utility functions of pdfTeX for LuaTeX (HO)
 (/usr/share/texmf-dist/tex/generic/infwarerr/infwarerr.sty
Package: infwarerr 2019/12/03 v1.5 Providing info/warning/error messages (HO)
)
Package pdftexcmds Info: \pdf@primitive is available.
Package pdftexcmds Info: \pdf@ifprimitive is available.
Package pdftexcmds Info: \pdfdraftmode found.
) (/usr/share/texmf-dist/tex/generic/kvsetkeys/kvsetkeys.sty
Package: kvsetkeys 2019/12/15 v1.18 Key value parser (HO)
) (/usr/share/texmf-dist/tex/generic/kvdefinekeys/kvdefinekeys.sty
Package: kvdefinekeys 2019-12-19 v1.6 Define keys (HO)
) (/usr/share/texmf-dist/tex/generic/pdfescape/pdfescape.sty
Package: pdfescape 2019/12/09 v1.15 Implements pdfTeX's escape features (HO)
) (/usr/share/texmf-dist/tex/latex/hycolor/hycolor.sty
Package: hycolor 2020-01-27 v1.10 Color options for hyperref/bookmark (HO)
) (/usr/share/texmf-dist/tex/latex/letltxmacro/letltxmacro.sty
Package: letltxmacro 2019/12/03 v1.6 Let assignment for LaTeX macros (HO)
) (/usr/share/texmf-dist/tex/latex/auxhook/auxhook.sty
Package: auxhook 2019-12-17 v1.6 Hooks for auxiliary files (HO)
) (/usr/share/texmf-dist/tex/latex/kvoptions/kvoptions.sty
Package: kvoptions 2020-10-07 v3.14 Key value format for package options (HO)
)
\@linkdim=\dimen150
\Hy@linkcounter=\count275
\Hy@pagecounter=\count276
 (/usr/share/texmf-dist/tex/latex/hyperref/pd1enc.def
File: pd1enc.def 2022-02-21 v7.00n Hyperref: PDFDocEncoding definition (HO)
Now handling font encoding PD1 ...
... no UTF-8 mapping file for font encoding PD1
) (/usr/share/texmf-dist/tex/generic/intcalc/intcalc.sty
Package: intcalc 2019/12/15 v1.3 Expandable calculations with integers (HO)
) (/usr/share/texmf-dist/tex/generic/etexcmds/etexcmds.sty
Package: etexcmds 2019/12/15 v1.7 Avoid name clashes with e-TeX commands (HO)
)
\Hy@SavedSpaceFactor=\count277
 (/usr/share/texmf-dist/tex/latex/hyperref/puenc.def
File: puenc.def 2022-02-21 v7.00n Hyperref: PDF Unicode definition (HO)
Now handling font encoding PU ...
... no UTF-8 mapping file for font encoding PU
)
Package hyperref Info: Option `colorlinks' set `true' on input line 4018.


Package hyperref Warning: Option `pagecolor' is not available anymore.

Package hyperref Info: Hyper figures OFF on input line 4137.
Package hyperref Info: Link nesting OFF on input line 4142.
Package hyperref Info: Hyper index ON on input line 4145.
Package hyperref Info: Plain pages OFF on input line 4152.
Package hyperref Info: Backreferencing OFF on input line 4157.
Package hyperref Info: Implicit mode ON; LaTeX internals redefined.
Package hyperref Info: Bookmarks ON on input line 4390.
\c@Hy@tempcnt=\count278
(/usr/share/texmf-dist/tex/latex/url/url.sty
\Urlmuskip=\muskip17
Package: url 2013/09/16  ver 3.4  Verb mode for urls, etc.
)
LaTeX Info: Redefining \url on input line 4749.
\XeTeXLinkMargin=\dimen151
 (/usr/share/texmf-dist/tex/generic/bitset/bitset.sty
Package: bitset 2019/12/09 v1.3 Handle bit-vector datatype (HO)
 (/usr/share/texmf-dist/tex/generic/bigintcalc/bigintcalc.sty
Package: bigintcalc 2019/12/15 v1.5 Expandable calculations on big integers (HO)
))
\Fld@menulength=\count279
\Field@Width=\dimen152
\Fld@charsize=\dimen153
Package hyperref Info: Hyper figures OFF on input line 6027.
Package hyperref Info: Link nesting OFF on input line 6032.
Package hyperref Info: Hyper index ON on input line 6035.
Package hyperref Info: backreferencing OFF on input line 6042.
Package hyperref Info: Link coloring ON on input line 6045.
Package hyperref Info: Link coloring with OCG OFF on input line 6052.
Package hyperref Info: PDF/A mode OFF on input line 6057.
LaTeX Info: Redefining \ref on input line 6097.
LaTeX Info: Redefining \pageref on input line 6101.
 (/usr/share/texmf-dist/tex/latex/base/atbegshi-ltx.sty
Package: atbegshi-ltx 2021/01/10 v1.0c Emulation of the original atbegshi
package with kernel methods
)
\Hy@abspage=\count280
\c@Item=\count281
\c@Hfootnote=\count282
)
Package hyperref Info: Driver (autodetected): hpdftex.
 (/usr/share/texmf-dist/tex/latex/hyperref/hpdftex.def
File: hpdftex.def 2022-02-21 v7.00n Hyperref driver for pdfTeX
 (/usr/share/texmf-dist/tex/latex/base/atveryend-ltx.sty
Package: atveryend-ltx 2020/08/19 v1.0a Emulation of the original atveryend package
with kernel methods
)
\Fld@listcount=\count283
\c@bookmark@seq@number=\count284
 (/usr/share/texmf-dist/tex/latex/rerunfilecheck/rerunfilecheck.sty
Package: rerunfilecheck 2019/12/05 v1.9 Rerun checks for auxiliary files (HO)
 (/usr/share/texmf-dist/tex/generic/uniquecounter/uniquecounter.sty
Package: uniquecounter 2019/12/15 v1.4 Provide unlimited unique counter (HO)
)
Package uniquecounter Info: New unique counter `rerunfilecheck' on input line 286.
)
\Hy@SectionHShift=\skip55
) (/usr/share/texmf-dist/tex/latex/base/inputenc.sty
Package: inputenc 2021/02/14 v1.3d Input encoding file
\inpenc@prehook=\toks30
\inpenc@posthook=\toks31
) (/usr/share/texmf-dist/tex/latex/cite/cite.sty
LaTeX Info: Redefining \cite on input line 302.
LaTeX Info: Redefining \nocite on input line 332.
Package: cite 2015/02/27  v 5.5
) (/usr/share/texmf-dist/tex/latex/amsfonts/amssymb.sty
Package: amssymb 2013/01/14 v3.01 AMS font symbols
 (/usr/share/texmf-dist/tex/latex/amsfonts/amsfonts.sty
Package: amsfonts 2013/01/14 v3.01 Basic AMSFonts support
\symAMSa=\mathgroup4
\symAMSb=\mathgroup5
LaTeX Font Info:    Redeclaring math symbol \hbar on input line 98.
LaTeX Font Info:    Overwriting math alphabet `\mathfrak' in version `bold'
(Font)                  U/euf/m/n --> U/euf/b/n on input line 106.
)) (/usr/share/texmf-dist/tex/latex/algorithms/algorithmic.sty
Package: algorithmic 2009/08/24 v0.1 Document Style `algorithmic'
 (/usr/share/texmf-dist/tex/latex/base/ifthen.sty
Package: ifthen 2020/11/24 v1.1c Standard LaTeX ifthen package (DPC)
)
\c@ALC@unique=\count285
\c@ALC@line=\count286
\c@ALC@rem=\count287
\c@ALC@depth=\count288
\ALC@tlm=\skip56
\algorithmicindent=\skip57
) (/usr/share/texmf-dist/tex/latex/graphics/graphicx.sty
Package: graphicx 2021/09/16 v1.2d Enhanced LaTeX Graphics (DPC,SPQR)
 (/usr/share/texmf-dist/tex/latex/graphics/graphics.sty
Package: graphics 2021/03/04 v1.4d Standard LaTeX Graphics (DPC,SPQR)
 (/usr/share/texmf-dist/tex/latex/graphics/trig.sty
Package: trig 2021/08/11 v1.11 sin cos tan (DPC)
) (/usr/share/texmf-dist/tex/latex/graphics-cfg/graphics.cfg
File: graphics.cfg 2016/06/04 v1.11 sample graphics configuration
)
Package graphics Info: Driver file: pdftex.def on input line 107.
)
\Gin@req@height=\dimen154
\Gin@req@width=\dimen155
) (/usr/share/texmf-dist/tex/latex/base/textcomp.sty
Package: textcomp 2020/02/02 v2.0n Standard LaTeX package
) (/usr/share/texmf-dist/tex/latex/tools/array.sty
Package: array 2021/10/04 v2.5f Tabular extension package (FMi)
\col@sep=\dimen156
\ar@mcellbox=\box56
\extrarowheight=\dimen157
\NC@list=\toks32
\extratabsurround=\skip58
\backup@length=\skip59
\ar@cellbox=\box57
) (/usr/share/texmf-dist/tex/latex/etoolbox/etoolbox.sty
Package: etoolbox 2020/10/05 v2.5k e-TeX tools for LaTeX (JAW)
\etb@tempcnta=\count289
) (/usr/share/texmf-dist/tex/latex/multirow/multirow.sty
Package: multirow 2021/03/15 v2.8 Span multiple rows of a table
\multirow@colwidth=\skip60
\multirow@cntb=\count290
\multirow@dima=\skip61
\bigstrutjot=\dimen158
) (/usr/share/texmf-dist/tex/latex/float/float.sty
Package: float 2001/11/08 v1.3d Float enhancements (AL)
\c@float@type=\count291
\float@exts=\toks33
\float@box=\box58
\@float@everytoks=\toks34
\@floatcapt=\box59
) (/usr/share/texmf-dist/tex/latex/caption/caption.sty
Package: caption 2022/03/01 v3.6b Customizing captions (AR)
 (/usr/share/texmf-dist/tex/latex/caption/caption3.sty
Package: caption3 2022/03/17 v2.3b caption3 kernel (AR)
\caption@tempdima=\dimen159
\captionmargin=\dimen160
\caption@leftmargin=\dimen161
\caption@rightmargin=\dimen162
\caption@width=\dimen163
\caption@indent=\dimen164
\caption@parindent=\dimen165
\caption@hangindent=\dimen166
Package caption Info: Unknown document class (or package),
(caption)             standard defaults will be used.
Package caption Info: \@makecaption = \long macro:#1#2-> \vskip \abovecaptionskip \parbox [t]{\hsize }{\floatcaption@size {\floatcaptionname@size #1}\hskip .5em #2\par }\vskip \belowcaptionskip  on input line 1176.
)

Package caption Warning: Unknown document class (or package),
(caption)                standard defaults will be used.
See the caption package documentation for explanation.

\c@caption@flags=\count292
\c@continuedfloat=\count293
Package caption Info: float package is loaded.
Package caption Info: hyperref package is loaded.
) (/usr/share/texmf-dist/tex/latex/enumitem/enumitem.sty
Package: enumitem 2019/06/20 v3.9 Customized lists
\labelindent=\skip62
\enit@outerparindent=\dimen167
\enit@toks=\toks35
\enit@inbox=\box60
\enit@count@id=\count294
\enitdp@description=\count295
) (/usr/share/texmf-dist/tex/latex/graphics/lscape.sty
Package: lscape 2020/05/28 v3.02 Landscape Pages (DPC)
) (/usr/share/texmf-dist/tex/latex/lineno/lineno.sty
Package: lineno 2005/11/02 line numbers on paragraphs v4.41
\linenopenalty=\count296
\output=\toks36
\linenoprevgraf=\count297
\linenumbersep=\dimen168
\linenumberwidth=\dimen169
\c@linenumber=\count298
\c@pagewiselinenumber=\count299
\c@LN@truepage=\count300
\c@internallinenumber=\count301
\c@internallinenumbers=\count302
\quotelinenumbersep=\dimen170
\bframerule=\dimen171
\bframesep=\dimen172
\bframebox=\box61
LaTeX Info: Redefining \\ on input line 3056.
) (/usr/share/texmf-dist/tex/latex/tools/longtable.sty
Package: longtable 2021-09-01 v4.17 Multi-page Table package (DPC)
\LTleft=\skip63
\LTright=\skip64
\LTpre=\skip65
\LTpost=\skip66
\LTchunksize=\count303
\LTcapwidth=\dimen173
\LT@head=\box62
\LT@firsthead=\box63
\LT@foot=\box64
\LT@lastfoot=\box65
\LT@gbox=\box66
\LT@cols=\count304
\LT@rows=\count305
\c@LT@tables=\count306
\c@LT@chunks=\count307
\LT@p@ftn=\toks37
) (/usr/share/texmf-dist/tex/latex/mdframed/mdframed.sty
Package: mdframed 2013/07/01 1.9b: mdframed
 (/usr/share/texmf-dist/tex/latex/l3packages/xparse/xparse.sty (/usr/share/texmf-dist/tex/latex/l3kernel/expl3.sty
Package: expl3 2022-04-10 L3 programming layer (loader) 
 (/usr/share/texmf-dist/tex/latex/l3backend/l3backend-pdftex.def
File: l3backend-pdftex.def 2022-04-14 L3 backend support: PDF output (pdfTeX)
\l__color_backend_stack_int=\count308
\l__pdf_internal_box=\box67
))
Package: xparse 2022-01-12 L3 Experimental document command parser
) (/usr/share/texmf-dist/tex/latex/zref/zref-abspage.sty
Package: zref-abspage 2022-04-07 v2.34 Module abspage for zref (HO)
 (/usr/share/texmf-dist/tex/latex/zref/zref-base.sty
Package: zref-base 2022-04-07 v2.34 Module base for zref (HO)
Package zref Info: New property list: main on input line 767.
Package zref Info: New property: default on input line 768.
Package zref Info: New property: page on input line 769.
)
\c@abspage=\count309
Package zref Info: New property: abspage on input line 65.
) (/usr/share/texmf-dist/tex/latex/needspace/needspace.sty
Package: needspace 2010/09/12 v1.3d reserve vertical space
)
\mdf@templength=\skip67
\c@mdf@globalstyle@cnt=\count310
\mdf@skipabove@length=\skip68
\mdf@skipbelow@length=\skip69
\mdf@leftmargin@length=\skip70
\mdf@rightmargin@length=\skip71
\mdf@innerleftmargin@length=\skip72
\mdf@innerrightmargin@length=\skip73
\mdf@innertopmargin@length=\skip74
\mdf@innerbottommargin@length=\skip75
\mdf@splittopskip@length=\skip76
\mdf@splitbottomskip@length=\skip77
\mdf@outermargin@length=\skip78
\mdf@innermargin@length=\skip79
\mdf@linewidth@length=\skip80
\mdf@innerlinewidth@length=\skip81
\mdf@middlelinewidth@length=\skip82
\mdf@outerlinewidth@length=\skip83
\mdf@roundcorner@length=\skip84
\mdf@footenotedistance@length=\skip85
\mdf@userdefinedwidth@length=\skip86
\mdf@needspace@length=\skip87
\mdf@frametitleaboveskip@length=\skip88
\mdf@frametitlebelowskip@length=\skip89
\mdf@frametitlerulewidth@length=\skip90
\mdf@frametitleleftmargin@length=\skip91
\mdf@frametitlerightmargin@length=\skip92
\mdf@shadowsize@length=\skip93
\mdf@extratopheight@length=\skip94
\mdf@subtitleabovelinewidth@length=\skip95
\mdf@subtitlebelowlinewidth@length=\skip96
\mdf@subtitleaboveskip@length=\skip97
\mdf@subtitlebelowskip@length=\skip98
\mdf@subtitleinneraboveskip@length=\skip99
\mdf@subtitleinnerbelowskip@length=\skip100
\mdf@subsubtitleabovelinewidth@length=\skip101
\mdf@subsubtitlebelowlinewidth@length=\skip102
\mdf@subsubtitleaboveskip@length=\skip103
\mdf@subsubtitlebelowskip@length=\skip104
\mdf@subsubtitleinneraboveskip@length=\skip105
\mdf@subsubtitleinnerbelowskip@length=\skip106
 (/usr/share/texmf-dist/tex/latex/mdframed/md-frame-0.mdf
File: md-frame-0.mdf 2013/07/01\ 1.9b: md-frame-0
)
\mdf@frametitlebox=\box68
\mdf@footnotebox=\box69
\mdf@splitbox@one=\box70
\mdf@splitbox@two=\box71
\mdf@splitbox@save=\box72
\mdfsplitboxwidth=\skip107
\mdfsplitboxtotalwidth=\skip108
\mdfsplitboxheight=\skip109
\mdfsplitboxdepth=\skip110
\mdfsplitboxtotalheight=\skip111
\mdfframetitleboxwidth=\skip112
\mdfframetitleboxtotalwidth=\skip113
\mdfframetitleboxheight=\skip114
\mdfframetitleboxdepth=\skip115
\mdfframetitleboxtotalheight=\skip116
\mdffootnoteboxwidth=\skip117
\mdffootnoteboxtotalwidth=\skip118
\mdffootnoteboxheight=\skip119
\mdffootnoteboxdepth=\skip120
\mdffootnoteboxtotalheight=\skip121
\mdftotallinewidth=\skip122
\mdfboundingboxwidth=\skip123
\mdfboundingboxtotalwidth=\skip124
\mdfboundingboxheight=\skip125
\mdfboundingboxdepth=\skip126
\mdfboundingboxtotalheight=\skip127
\mdf@freevspace@length=\skip128
\mdf@horizontalwidthofbox@length=\skip129
\mdf@verticalmarginwhole@length=\skip130
\mdf@horizontalspaceofbox=\skip131
\mdfsubtitleheight=\skip132
\mdfsubsubtitleheight=\skip133
\c@mdfcountframes=\count311

****** mdframed patching \endmdf@trivlist

****** -- success******

\mdf@envdepth=\count312
\c@mdf@env@i=\count313
\c@mdf@env@ii=\count314
\c@mdf@zref@counter=\count315
Package zref Info: New property: mdf@pagevalue on input line 895.
) (/usr/share/texmf-dist/tex/latex/titlesec/titlesec.sty
Package: titlesec 2021/07/05 v2.14 Sectioning titles
\ttl@box=\box73
\beforetitleunit=\skip134
\aftertitleunit=\skip135
\ttl@plus=\dimen174
\ttl@minus=\dimen175
\ttl@toksa=\toks38
\titlewidth=\dimen176
\titlewidthlast=\dimen177
\titlewidthfirst=\dimen178
) (./Microservices-and_BD-Journal.aux)
\openout1 = `Microservices-and_BD-Journal.aux'.

LaTeX Font Info:    Checking defaults for OML/cmm/m/it on input line 104.
LaTeX Font Info:    ... okay on input line 104.
LaTeX Font Info:    Checking defaults for OMS/cmsy/m/n on input line 104.
LaTeX Font Info:    ... okay on input line 104.
LaTeX Font Info:    Checking defaults for OT1/cmr/m/n on input line 104.
LaTeX Font Info:    ... okay on input line 104.
LaTeX Font Info:    Checking defaults for T1/cmr/m/n on input line 104.
LaTeX Font Info:    ... okay on input line 104.
LaTeX Font Info:    Checking defaults for TS1/cmr/m/n on input line 104.
LaTeX Font Info:    ... okay on input line 104.
LaTeX Font Info:    Checking defaults for OMX/cmex/m/n on input line 104.
LaTeX Font Info:    ... okay on input line 104.
LaTeX Font Info:    Checking defaults for U/cmr/m/n on input line 104.
LaTeX Font Info:    ... okay on input line 104.
LaTeX Font Info:    Checking defaults for PD1/pdf/m/n on input line 104.
LaTeX Font Info:    ... okay on input line 104.
LaTeX Font Info:    Checking defaults for PU/pdf/m/n on input line 104.
LaTeX Font Info:    ... okay on input line 104.
 (/usr/share/texmf-dist/tex/context/base/mkii/supp-pdf.mkii
[Loading MPS to PDF converter (version 2006.09.02).]
\scratchcounter=\count316
\scratchdimen=\dimen179
\scratchbox=\box74
\nofMPsegments=\count317
\nofMParguments=\count318
\everyMPshowfont=\toks39
\MPscratchCnt=\count319
\MPscratchDim=\dimen180
\MPnumerator=\count320
\makeMPintoPDFobject=\count321
\everyMPtoPDFconversion=\toks40
) (/usr/share/texmf-dist/tex/latex/epstopdf-pkg/epstopdf-base.sty
Package: epstopdf-base 2020-01-24 v2.11 Base part for package epstopdf
Package epstopdf-base Info: Redefining graphics rule for `.eps' on input line 485.
 (/usr/share/texmf-dist/tex/latex/latexconfig/epstopdf-sys.cfg
File: epstopdf-sys.cfg 2010/07/13 v1.3 Configuration of (r)epstopdf for TeX Live
))
Package lastpage Info: Please have a look at the pageslts package at
(lastpage)             https://www.ctan.org/pkg/pageslts
(lastpage)             ! on input line 104.
Package hyperref Info: Link coloring ON on input line 104.
 (/usr/share/texmf-dist/tex/latex/hyperref/nameref.sty
Package: nameref 2021-04-02 v2.47 Cross-referencing by name of section
 (/usr/share/texmf-dist/tex/latex/refcount/refcount.sty
Package: refcount 2019/12/15 v3.6 Data extraction from label references (HO)
) (/usr/share/texmf-dist/tex/generic/gettitlestring/gettitlestring.sty
Package: gettitlestring 2019/12/15 v1.6 Cleanup title references (HO)
)
\c@section@level=\count322
)
LaTeX Info: Redefining \ref on input line 104.
LaTeX Info: Redefining \pageref on input line 104.
LaTeX Info: Redefining \nameref on input line 104.
\@outlinefile=\write3
\openout3 = `Microservices-and_BD-Journal.out'.

Package caption Info: Begin \AtBeginDocument code.
Package caption Info: longtable package is loaded.
 (/usr/share/texmf-dist/tex/latex/caption/ltcaption.sty
Package: ltcaption 2021/01/08 v1.4c longtable captions (AR)
)
Package caption Info: End \AtBeginDocument code.


LaTeX Font Warning: Font shape `OT1/cmss/bx/n' in size <13> not available
(Font)              size <12> substituted on input line 110.


LaTeX Font Warning: Font shape `OT1/cmss/m/n' in size <24> not available
(Font)              size <24.88> substituted on input line 118.

LaTeX Font Info:    Calculating math sizes for size <11> on input line 139.

LaTeX Font Warning: Font shape `OT1/cmr/m/n' in size <5.5> not available
(Font)              size <5> substituted on input line 139.


LaTeX Font Warning: Font shape `OML/cmm/m/it' in size <5.5> not available
(Font)              size <5> substituted on input line 139.


LaTeX Font Warning: Font shape `OMS/cmsy/m/n' in size <5.5> not available
(Font)              size <5> substituted on input line 139.

LaTeX Font Info:    Trying to load font information for U+msa on input line 139.
(/usr/share/texmf-dist/tex/latex/amsfonts/umsa.fd
File: umsa.fd 2013/01/14 v3.01 AMS symbols A
)
LaTeX Font Info:    Trying to load font information for U+msb on input line 139.
 (/usr/share/texmf-dist/tex/latex/amsfonts/umsb.fd
File: umsb.fd 2013/01/14 v3.01 AMS symbols B
)

LaTeX Warning: Reference `aff3thanks' on page 1 undefined on input line 139.


LaTeX Warning: Reference `aff2thanks' on page 1 undefined on input line 143.

\address@aff3=\toks41
\address@aff2=\toks42

LaTeX Warning: Citation `NewVantageSurvey' on page 1 undefined on input line 265.


LaTeX Warning: Citation `DataBricksSurvey' on page 1 undefined on input line 265.

LaTeX Font Info:    Font shape `OT1/cmss/m/it' in size <8> not available
(Font)              Font shape `OT1/cmss/m/sl' tried instead on input line 268.
[1{/var/lib/texmf/fonts/map/pdftex/updmap/pdftex.map}

]

LaTeX Warning: Citation `freymann2020tackling' on page 2 undefined on input line 278.


LaTeX Warning: Citation `Richardson.2022' on page 2 undefined on input line 278.


LaTeX Warning: Citation `ataei2022state' on page 2 undefined on input line 282.


LaTeX Warning: Citation `laigner2020monolithic' on page 2 undefined on input line 293.


LaTeX Warning: Citation `zhelev2019using' on page 2 undefined on input line 293.


LaTeX Warning: Citation `staegemann2021examining' on page 2 undefined on input line 295.


LaTeX Warning: Citation `Phi' on page 2 undefined on input line 295.


LaTeX Warning: Citation `ataei2021neomycelia' on page 2 undefined on input line 295.


LaTeX Warning: Citation `Kitchenham.2004' on page 2 undefined on input line 301.


LaTeX Warning: Citation `Page.2021' on page 2 undefined on input line 301.


LaTeX Warning: Citation `Cruzes.2011' on page 2 undefined on input line 301.


LaTeX Warning: Reference `LastPage' on page 2 undefined on input line 302.

[2]

LaTeX Warning: Reference `searchTerms' on page 3 undefined on input line 325.


Underfull \hbox (badness 10000) in paragraph at lines 347--348
[]|\OT1/cmss/m/n/8 ACM Dig-i-tal Li-brary
 []


Underfull \hbox (badness 2351) in paragraph at lines 347--348
\OT1/cmss/m/n/8 (\The ACM Full-Text
 []


Underfull \hbox (badness 2351) in paragraph at lines 347--348
\OT1/cmss/m/n/8 Col-lec-tion", not \The
 []


Overfull \hbox (3.80664pt too wide) in paragraph at lines 342--420
 [][] 
 []


LaTeX Warning: `h' float specifier changed to `ht'.


LaTeX Warning: Citation `tricco2018prisma' on page 3 undefined on input line 428.


LaTeX Warning: Reference `LastPage' on page 3 undefined on input line 431.

[3]

LaTeX Warning: Citation `Kitchenham.2004' on page 4 undefined on input line 436.


LaTeX Warning: Reference `qualityFramework' on page 4 undefined on input line 436.


Overfull \hbox (5.63907pt too wide) in paragraph at lines 443--443
[]|\OT1/cmss/m/n/8 Quality
 []


Underfull \hbox (badness 10000) in paragraph at lines 443--444
[]|\OT1/cmss/m/n/8 Rating to
 []


LaTeX Warning: Reference `LastPage' on page 4 undefined on input line 476.

[4]

LaTeX Warning: Reference `qualityFramework' on page 5 undefined on input line 520.


LaTeX Warning: Reference `LastPage' on page 5 undefined on input line 521.

[5]

LaTeX Warning: Citation `webster2002analyzing' on page 6 undefined on input line 548.


LaTeX Warning: Reference `finalLiterature' on page 6 undefined on input line 551.


LaTeX Warning: Reference `LastPage' on page 6 undefined on input line 552.

[6]
Overfull \hbox (2.79362pt too wide) in paragraph at lines 558--558
[]|\OT1/cmss/m/n/8 Quality
 []


Overfull \hbox (3.19055pt too wide) in paragraph at lines 558--558
[]|\OT1/cmss/m/n/8 Type| 
 []


Underfull \hbox (badness 10000) in paragraph at lines 558--558
[]|\OT1/cmss/m/n/8 Found
 []


Underfull \hbox (badness 1072) in paragraph at lines 562--562
[]|\OT1/cmss/m/n/8 Architectural pat-terns for mi-
 []


Underfull \hbox (badness 3780) in paragraph at lines 562--562
\OT1/cmss/m/n/8 Pro-ceed-ings of
 []


Underfull \hbox (badness 3158) in paragraph at lines 562--562
\OT1/cmss/m/n/8 the 8th In-ter-
 []


Underfull \hbox (badness 1142) in paragraph at lines 562--562
\OT1/cmss/m/n/8 ence on Cloud
 []


LaTeX Warning: Citation `Taibi.2018' on page 7 undefined on input line 562.


Underfull \hbox (badness 6078) in paragraph at lines 564--564
[]|\OT1/cmss/m/n/8 Actual Use of Ar-chi-tec-tural
 []


Underfull \hbox (badness 3780) in paragraph at lines 564--564
[]|\OT1/cmss/m/n/8 Proceedings of
 []


Underfull \hbox (badness 1033) in paragraph at lines 564--564
\OT1/cmss/m/n/8 the 25th Asia-
 []


Underfull \hbox (badness 10000) in paragraph at lines 564--564
\OT1/cmss/m/n/8 En-gi-neer-ing
 []


Underfull \hbox (badness 10000) in paragraph at lines 564--564
\OT1/cmss/m/n/8 Con-fer-ence
 []


Underfull \hbox (badness 10000) in paragraph at lines 564--564
[]|\OT1/cmss/m/n/8 Scopus,
 []


Underfull \hbox (badness 10000) in paragraph at lines 564--564
\OT1/cmss/m/n/8 IEEE
 []


LaTeX Warning: Citation `Marquez.2018' on page 7 undefined on input line 564.


Underfull \hbox (badness 2707) in paragraph at lines 566--566
[]|\OT1/cmss/m/n/8 Supporting ar-chi-tec-tural de-ci-
 []


Underfull \hbox (badness 10000) in paragraph at lines 566--567
[]|\OT1/cmss/m/n/8 Lecture Notes
 []


Underfull \hbox (badness 10000) in paragraph at lines 566--567
\OT1/cmss/m/n/8 in Com-puter
 []


Underfull \hbox (badness 10000) in paragraph at lines 566--567
\OT1/cmss/m/n/8 Sci-ence 11681
 []


Underfull \hbox (badness 3780) in paragraph at lines 566--567
\OT1/cmss/m/n/8 Pro-ceed-ings of
 []


Underfull \hbox (badness 10000) in paragraph at lines 566--567
\OT1/cmss/m/n/8 the Soft-ware
 []


Underfull \hbox (badness 10000) in paragraph at lines 566--567
\OT1/cmss/m/n/8 Ar-chi-tec-ture:
 []


Underfull \hbox (badness 3417) in paragraph at lines 566--567
\OT1/cmss/m/n/8 13th Eu-ro-pean
 []


Underfull \hbox (badness 10000) in paragraph at lines 566--567
\OT1/cmss/m/n/8 Con-fer-ence,
 []


Underfull \hbox (badness 10000) in paragraph at lines 567--567
[]|\OT1/cmss/m/n/8 Scopus,
 []


Overfull \hbox (3.50603pt too wide) in paragraph at lines 567--567
\OT1/cmss/m/n/8 Springer-
 []


LaTeX Warning: Citation `Ntentos.2019' on page 7 undefined on input line 567.


Underfull \hbox (badness 1365) in paragraph at lines 570--570
[]|\OT1/cmss/m/n/8 Using ar-chi-tec-tural mod-i-fi-a-bil-
 []


Underfull \hbox (badness 1320) in paragraph at lines 570--570
\OT1/cmss/m/n/8 ity tac-tics to ex-am-ine evo-lu-
 []


Underfull \hbox (badness 1005) in paragraph at lines 570--570
\OT1/cmss/m/n/8 tion qual-i-ties of Service- and
 []


Underfull \hbox (badness 10000) in paragraph at lines 570--570
[]|\OT1/cmss/m/n/8 Software-
 []


Underfull \hbox (badness 10000) in paragraph at lines 570--570
\OT1/cmss/m/n/8 Intensive
 []


Underfull \hbox (badness 10000) in paragraph at lines 570--570
\OT1/cmss/m/n/8 Cyber-Physical
 []


LaTeX Warning: Citation `Bogner.2019' on page 7 undefined on input line 570.


Underfull \hbox (badness 10000) in paragraph at lines 572--572
[]|\OT1/cmss/m/n/8 Programming
 []


Underfull \hbox (badness 10000) in paragraph at lines 572--572
\OT1/cmss/m/n/8 and Com-puter
 []


Underfull \hbox (badness 10000) in paragraph at lines 572--572
[]|\OT1/cmss/m/n/8 Scopus,
 []


Overfull \hbox (3.50603pt too wide) in paragraph at lines 572--572
\OT1/cmss/m/n/8 Springer-
 []


LaTeX Warning: Citation `Valdivia.2020' on page 7 undefined on input line 572.


Underfull \hbox (badness 3780) in paragraph at lines 574--574
[]|\OT1/cmss/m/n/8 Proceedings of
 []


LaTeX Warning: Citation `Laigner.2021' on page 7 undefined on input line 574.


Underfull \hbox (badness 10000) in paragraph at lines 576--576
[]|\OT1/cmss/m/n/8 Scopus,
 []


Underfull \hbox (badness 10000) in paragraph at lines 576--576
\OT1/cmss/m/n/8 Sci-
 []


Underfull \hbox (badness 10000) in paragraph at lines 576--576
\OT1/cmss/m/n/8 enceDi-
 []


LaTeX Warning: Citation `aksakalli2021deployment' on page 7 undefined on input line 576.


Underfull \hbox (badness 940) in paragraph at lines 578--578
[]|\OT1/cmss/m/n/8 Decision Mod-els for Se-lect-ing
 []


Underfull \hbox (badness 1259) in paragraph at lines 578--578
\OT1/cmss/m/n/8 croser-vices Sys-tems and their
 []


Underfull \hbox (badness 10000) in paragraph at lines 578--578
[]|\OT1/cmss/m/n/8 Proceedings
 []


Underfull \hbox (badness 10000) in paragraph at lines 578--578
\OT1/cmss/m/n/8 of the 2022
 []


Underfull \hbox (badness 10000) in paragraph at lines 578--578
\OT1/cmss/m/n/8 IEEE/ACM
 []


Underfull \hbox (badness 10000) in paragraph at lines 578--578
\OT1/cmss/m/n/8 44th In-
 []


Underfull \hbox (badness 10000) in paragraph at lines 578--578
\OT1/cmss/m/n/8 ter-na-tional
 []


Underfull \hbox (badness 10000) in paragraph at lines 578--578
\OT1/cmss/m/n/8 Con-fer-ence
 []


Underfull \hbox (badness 10000) in paragraph at lines 578--578
\OT1/cmss/m/n/8 on Soft-ware
 []


Underfull \hbox (badness 10000) in paragraph at lines 578--578
\OT1/cmss/m/n/8 En-gi-neer-ing:
 []


Underfull \hbox (badness 10000) in paragraph at lines 578--578
\OT1/cmss/m/n/8 Soft-ware En-
 []


Underfull \hbox (badness 10000) in paragraph at lines 578--578
\OT1/cmss/m/n/8 gi-neer-ing in
 []


Underfull \hbox (badness 10000) in paragraph at lines 578--578
[]|\OT1/cmss/m/n/8 IEEE
 []


LaTeX Warning: Citation `Waseem.2022' on page 7 undefined on input line 578.


Underfull \hbox (badness 1424) in paragraph at lines 580--580
\OT1/cmss/m/n/8 Us-ing Pat-terns: An Em-pir-i-cal
 []


Underfull \hbox (badness 2285) in paragraph at lines 580--580
[]|\OT1/cmss/m/n/8 IEEE 19th In-
 []


Underfull \hbox (badness 6675) in paragraph at lines 580--580
\OT1/cmss/m/n/8 ware Ar-chi-tec-
 []


Underfull \hbox (badness 10000) in paragraph at lines 580--580
[]|\OT1/cmss/m/n/8 IEEE
 []


LaTeX Warning: Citation `Vale.2022' on page 7 undefined on input line 580.


Overfull \hbox (4.68651pt too wide) in paragraph at lines 582--582
[]|\OT1/cmss/m/n/8 S10| 
 []


Underfull \hbox (badness 10000) in paragraph at lines 582--582
[]|\OT1/cmss/m/n/8 International
 []


Underfull \hbox (badness 3746) in paragraph at lines 582--582
\OT1/cmss/m/n/8 neer-ing Trends
 []


LaTeX Warning: Citation `Weerasinghe.2022' on page 7 undefined on input line 582.


Overfull \hbox (17.43697pt too wide) in paragraph at lines 556--586
 [][] 
 []


LaTeX Warning: Citation `Taibi.2018' on page 7 undefined on input line 598.


LaTeX Warning: Citation `Marquez.2018' on page 7 undefined on input line 599.


LaTeX Warning: Citation `Ntentos.2019' on page 7 undefined on input line 600.


LaTeX Warning: Reference `LastPage' on page 7 undefined on input line 601.

[7]

LaTeX Warning: Text page 8 contains only floats.


Overfull \vbox (5.49974pt too high) has occurred while \output is active []



LaTeX Warning: Reference `LastPage' on page 8 undefined on input line 601.

[8]

LaTeX Warning: Citation `Bogner.2019' on page 9 undefined on input line 601.


LaTeX Warning: Citation `Valdivia.2020' on page 9 undefined on input line 602.


LaTeX Warning: Citation `Laigner.2021' on page 9 undefined on input line 603.


LaTeX Warning: Citation `Laigner.2021' on page 9 undefined on input line 603.


LaTeX Warning: Citation `aksakalli2021deployment' on page 9 undefined on input line 604.


LaTeX Warning: Reference `LastPage' on page 9 undefined on input line 605.

[9]

LaTeX Warning: Citation `Waseem.2022' on page 10 undefined on input line 605.


LaTeX Warning: Citation `Vale.2022' on page 10 undefined on input line 606.


LaTeX Warning: Citation `AAC.2022' on page 10 undefined on input line 606.


LaTeX Warning: Citation `Weerasinghe.2022' on page 10 undefined on input line 607.


LaTeX Warning: Citation `Page.2021' on page 10 undefined on input line 607.


LaTeX Warning: Reference `LastPage' on page 10 undefined on input line 608.

[10]

LaTeX Warning: Citation `Cruzes.2011' on page 11 undefined on input line 616.


LaTeX Warning: Citation `ataei2022state' on page 11 undefined on input line 626.


LaTeX Warning: Citation `ISO20547' on page 11 undefined on input line 809.


LaTeX Warning: Citation `fox2014big' on page 11 undefined on input line 809.


LaTeX Warning: Citation `golzer2015data' on page 11 undefined on input line 809.


LaTeX Warning: Citation `laplante2017requirements' on page 11 undefined on input line 814.


LaTeX Warning: Citation `SoftwareArchitectureKazman' on page 11 undefined on input line 814.


LaTeX Warning: Reference `LastPage' on page 11 undefined on input line 816.

[11]

LaTeX Warning: Citation `Bughin2016' on page 12 undefined on input line 818.


LaTeX Warning: Citation `rad2017big' on page 12 undefined on input line 818.


LaTeX Warning: Citation `nadal2017software' on page 12 undefined on input line 818.


LaTeX Warning: Citation `Chang.2019' on page 12 undefined on input line 818.


LaTeX Warning: Citation `kassab2014state' on page 12 undefined on input line 827.


LaTeX Warning: Citation `ISO29148' on page 12 undefined on input line 827.


LaTeX Warning: Citation `abran2004software' on page 12 undefined on input line 827.


LaTeX Warning: Reference `LastPage' on page 12 undefined on input line 900.

[12]

LaTeX Warning: Reference `LastPage' on page 13 undefined on input line 936.

[13]

LaTeX Warning: Citation `Richardson.2022' on page 14 undefined on input line 957.


LaTeX Warning: Reference `microservices-categorization' on page 14 undefined on input line 957.


LaTeX Warning: Citation `richardson2018microservices' on page 14 undefined on input line 957.


LaTeX Warning: Citation `fowler1997analysis' on page 14 undefined on input line 974.


LaTeX Warning: Citation `buschmann2008pattern' on page 14 undefined on input line 977.


LaTeX Warning: Reference `LastPage' on page 14 undefined on input line 980.

[14]
Underfull \hbox (badness 10000) in paragraph at lines 1024--1024
[]|\OT1/cmss/m/n/8 Communicational,
 []


LaTeX Warning: Reference `LastPage' on page 15 undefined on input line 1074.

[15]

LaTeX Warning: Reference `APIGATEWAY' on page 16 undefined on input line 1075.


LaTeX Warning: Reference `gatewayOffloading' on page 16 undefined on input line 1092.


LaTeX Warning: Reference `LastPage' on page 16 undefined on input line 1093.

[16]

LaTeX Warning: Reference `externalConfiguration' on page 17 undefined on input line 1108.


LaTeX Warning: Reference `LastPage' on page 17 undefined on input line 1124.

[17]

LaTeX Warning: Reference `competingConsumer' on page 18 undefined on input line 1125.


LaTeX Warning: Reference `LastPage' on page 18 undefined on input line 1164.

[18]

LaTeX Warning: Reference `circuitBreaker' on page 19 undefined on input line 1167.


LaTeX Warning: Reference `logAggregation' on page 19 undefined on input line 1182.


LaTeX Warning: Reference `CQRS' on page 19 undefined on input line 1200.


LaTeX Warning: Reference `LastPage' on page 19 undefined on input line 1201.

[19]

LaTeX Warning: Reference `antiCorruption' on page 20 undefined on input line 1215.


LaTeX Warning: Reference `backend-for-fronted' on page 20 undefined on input line 1231.


LaTeX Warning: Reference `LastPage' on page 20 undefined on input line 1232.

[20]

LaTeX Warning: Reference `PipesAndFilters' on page 21 undefined on input line 1257.


LaTeX Warning: Citation `lankhorst2013language' on page 21 undefined on input line 1272.


LaTeX Warning: Citation `Chaabane' on page 21 undefined on input line 1272.


LaTeX Warning: Reference `LastPage' on page 21 undefined on input line 1277.

[21]

LaTeX Warning: Citation `ataei2020big' on page 22 undefined on input line 1295.


LaTeX Warning: Reference `LastPage' on page 22 undefined on input line 1301.

[22]

LaTeX Warning: Reference `fig:VolReq' on page 23 undefined on input line 1301.


LaTeX Warning: Reference `fig:VolReq' on page 23 undefined on input line 1309.


LaTeX Warning: Citation `DataBricksSurvey' on page 23 undefined on input line 1333.


LaTeX Warning: Reference `LastPage' on page 23 undefined on input line 1334.

[23]

LaTeX Warning: Citation `ataei2021neomycelia' on page 24 undefined on input line 1337.


LaTeX Warning: Reference `LastPage' on page 24 undefined on input line 1347.

[24]

LaTeX Warning: Reference `fig-vel-ra' on page 25 undefined on input line 1351.


LaTeX Warning: Reference `fig:VolReq' on page 25 undefined on input line 1375.


LaTeX Warning: Reference `LastPage' on page 25 undefined on input line 1380.

[25]

LaTeX Warning: Reference `fig:Value Requirements' on page 26 undefined on input line 1398.


LaTeX Warning: Reference `LastPage' on page 26 undefined on input line 1399.

[26]

LaTeX Warning: Citation `eryurek2021data' on page 27 undefined on input line 1411.


LaTeX Warning: Reference `fig-vel-ra' on page 27 undefined on input line 1429.


LaTeX Warning: Reference `LastPage' on page 27 undefined on input line 1430.

[27]

LaTeX Warning: Reference `fig:SaP Requirements' on page 28 undefined on input line 1449.


LaTeX Warning: Reference `LastPage' on page 28 undefined on input line 1450.

[28]

LaTeX Warning: Citation `wieringa2014design' on page 29 undefined on input line 1461.


LaTeX Warning: Citation `kallio2016systematic' on page 29 undefined on input line 1461.


LaTeX Warning: Citation `kallio2016systematic' on page 29 undefined on input line 1472.


LaTeX Warning: Reference `interviewGuide' on page 29 undefined on input line 1474.


LaTeX Warning: Citation `baltes2022sampling' on page 29 undefined on input line 1479.


LaTeX Warning: Reference `LastPage' on page 29 undefined on input line 1481.

[29]

LaTeX Warning: Reference `interviewees' on page 30 undefined on input line 1481.


Underfull \hbox (badness 10000) in paragraph at lines 1494--1495
[]|\OT1/cmss/m/n/8 Human Re-sources
 []


Underfull \hbox (badness 3668) in paragraph at lines 1496--1496
[]|\OT1/cmss/m/n/8 Associate Pro-fes-sor and Co-
 []


Underfull \hbox (badness 6316) in paragraph at lines 1498--1499
[]|\OT1/cmss/m/n/8 Software (Prac-tice
 []


Underfull \hbox (badness 3977) in paragraph at lines 1498--1499
\OT1/cmss/m/n/8 Man-age-ment Soft-
 []


Underfull \hbox (badness 3826) in paragraph at lines 1500--1501
[]|\OT1/cmss/m/n/8 Insurance and Fi-
 []


Overfull \hbox (0.73856pt too wide) in paragraph at lines 1504--1505
[]|\OT1/cmss/m/n/8 Telecommunications| 
 []


LaTeX Warning: Reference `requirementSpec' on page 30 undefined on input line 1514.


LaTeX Warning: Reference `LastPage' on page 30 undefined on input line 1522.

[30]

LaTeX Warning: Reference `volume' on page 31 undefined on input line 1527.


Overfull \hbox (14.79993pt too wide) in paragraph at lines 1535--1540
[] 
 []


Overfull \hbox (14.79993pt too wide) in paragraph at lines 1548--1553
[] 
 []


LaTeX Warning: Reference `LastPage' on page 31 undefined on input line 1557.

[31]
Overfull \hbox (14.79993pt too wide) in paragraph at lines 1565--1570
[] 
 []


Overfull \hbox (14.79993pt too wide) in paragraph at lines 1583--1588
[] 
 []


LaTeX Warning: Reference `LastPage' on page 32 undefined on input line 1589.

[32]
Overfull \hbox (14.79993pt too wide) in paragraph at lines 1602--1607
[] 
 []


Overfull \hbox (14.79993pt too wide) in paragraph at lines 1617--1622
[] 
 []


LaTeX Warning: Reference `LastPage' on page 33 undefined on input line 1623.

[33]

LaTeX Warning: Citation `chakraborty2021architecture' on page 34 undefined on input line 1625.


Overfull \hbox (14.79993pt too wide) in paragraph at lines 1636--1641
[] 
 []


Overfull \hbox (14.79993pt too wide) in paragraph at lines 1652--1657
[] 
 []


LaTeX Warning: Reference `LastPage' on page 34 undefined on input line 1658.

[34]
Overfull \hbox (14.79993pt too wide) in paragraph at lines 1667--1672
[] 
 []


Overfull \hbox (14.79993pt too wide) in paragraph at lines 1688--1693
[] 
 []


LaTeX Warning: Reference `LastPage' on page 35 undefined on input line 1698.

[35]
Overfull \hbox (14.79993pt too wide) in paragraph at lines 1709--1714
[] 
 []


LaTeX Warning: Citation `sriraman2018mu' on page 36 undefined on input line 1720.


LaTeX Warning: Reference `LastPage' on page 36 undefined on input line 1721.

[36]
Overfull \hbox (14.79993pt too wide) in paragraph at lines 1727--1732
[] 
 []


Overfull \hbox (14.79993pt too wide) in paragraph at lines 1742--1747
[] 
 []


LaTeX Warning: Reference `LastPage' on page 37 undefined on input line 1757.

[37]
Overfull \hbox (14.79993pt too wide) in paragraph at lines 1764--1769
[] 
 []


Overfull \hbox (14.79993pt too wide) in paragraph at lines 1780--1785
[] 
 []


LaTeX Warning: Reference `LastPage' on page 38 undefined on input line 1795.

[38]
Overfull \hbox (14.79993pt too wide) in paragraph at lines 1803--1808
[] 
 []


Overfull \hbox (14.79993pt too wide) in paragraph at lines 1816--1821
[] 
 []


Overfull \hbox (14.79993pt too wide) in paragraph at lines 1836--1841
[] 
 []


LaTeX Warning: Reference `LastPage' on page 39 undefined on input line 1845.

[39]
LaTeX Font Info:    Font shape `OT1/cmss/m/it' in size <7> not available
(Font)              Font shape `OT1/cmss/m/sl' tried instead on input line 1882.


LaTeX Warning: Reference `LastPage' on page 40 undefined on input line 1885.

[40]

LaTeX Font Warning: Font shape `OT1/cmss/bx/it' undefined
(Font)              using `OT1/cmss/bx/n' instead on input line 1893.


/home/pouya/Desktop/projects/msAndBDJournal/Manuscript/journal_version/Microservices-and_BD-Journal.tex:1926: LaTeX Error: Something's wrong--perhaps a missing \item.

See the LaTeX manual or LaTeX Companion for explanation.
Type  H <return>  for immediate help.
 ...                                              
                                                  
l.1926     \item H
                  ow do you find the mapping of the patterns to the mentione...
Try typing  <return>  to proceed.
If that doesn't work, type  X <return>  to quit.


/home/pouya/Desktop/projects/msAndBDJournal/Manuscript/journal_version/Microservices-and_BD-Journal.tex:1926: LaTeX Error: Something's wrong--perhaps a missing \item.

See the LaTeX manual or LaTeX Companion for explanation.
Type  H <return>  for immediate help.
 ...                                              
                                                  
l.1926     \item H
                  ow do you find the mapping of the patterns to the mentione...
Try typing  <return>  to proceed.
If that doesn't work, type  X <return>  to quit.


/home/pouya/Desktop/projects/msAndBDJournal/Manuscript/journal_version/Microservices-and_BD-Journal.tex:1926: LaTeX Error: Something's wrong--perhaps a missing \item.

See the LaTeX manual or LaTeX Companion for explanation.
Type  H <return>  for immediate help.
 ...                                              
                                                  
l.1926     \item H
                  ow do you find the mapping of the patterns to the mentione...
Try typing  <return>  to proceed.
If that doesn't work, type  X <return>  to quit.


/home/pouya/Desktop/projects/msAndBDJournal/Manuscript/journal_version/Microservices-and_BD-Journal.tex:1927: LaTeX Error: Something's wrong--perhaps a missing \item.

See the LaTeX manual or LaTeX Companion for explanation.
Type  H <return>  for immediate help.
 ...                                              
                                                  
l.1927     \item O
                  verall, do you think the concepts discussed could be helpf...
Try typing  <return>  to proceed.
If that doesn't work, type  X <return>  to quit.


/home/pouya/Desktop/projects/msAndBDJournal/Manuscript/journal_version/Microservices-and_BD-Journal.tex:1927: LaTeX Error: Something's wrong--perhaps a missing \item.

See the LaTeX manual or LaTeX Companion for explanation.
Type  H <return>  for immediate help.
 ...                                              
                                                  
l.1927     \item O
                  verall, do you think the concepts discussed could be helpf...
Try typing  <return>  to proceed.
If that doesn't work, type  X <return>  to quit.


/home/pouya/Desktop/projects/msAndBDJournal/Manuscript/journal_version/Microservices-and_BD-Journal.tex:1927: LaTeX Error: Something's wrong--perhaps a missing \item.

See the LaTeX manual or LaTeX Companion for explanation.
Type  H <return>  for immediate help.
 ...                                              
                                                  
l.1927     \item O
                  verall, do you think the concepts discussed could be helpf...
Try typing  <return>  to proceed.
If that doesn't work, type  X <return>  to quit.


/home/pouya/Desktop/projects/msAndBDJournal/Manuscript/journal_version/Microservices-and_BD-Journal.tex:1928: LaTeX Error: Something's wrong--perhaps a missing \item.

See the LaTeX manual or LaTeX Companion for explanation.
Type  H <return>  for immediate help.
 ...                                              
                                                  
l.1928     \item D
                  o you see any limitations with our study?
Try typing  <return>  to proceed.
If that doesn't work, type  X <return>  to quit.


/home/pouya/Desktop/projects/msAndBDJournal/Manuscript/journal_version/Microservices-and_BD-Journal.tex:1928: LaTeX Error: Something's wrong--perhaps a missing \item.

See the LaTeX manual or LaTeX Companion for explanation.
Type  H <return>  for immediate help.
 ...                                              
                                                  
l.1928     \item D
                  o you see any limitations with our study?
Try typing  <return>  to proceed.
If that doesn't work, type  X <return>  to quit.


/home/pouya/Desktop/projects/msAndBDJournal/Manuscript/journal_version/Microservices-and_BD-Journal.tex:1928: LaTeX Error: Something's wrong--perhaps a missing \item.

See the LaTeX manual or LaTeX Companion for explanation.
Type  H <return>  for immediate help.
 ...                                              
                                                  
l.1928     \item D
                  o you see any limitations with our study?
Try typing  <return>  to proceed.
If that doesn't work, type  X <return>  to quit.


/home/pouya/Desktop/projects/msAndBDJournal/Manuscript/journal_version/Microservices-and_BD-Journal.tex:1929: LaTeX Error: Something's wrong--perhaps a missing \item.

See the LaTeX manual or LaTeX Companion for explanation.
Type  H <return>  for immediate help.
 ...                                              
                                                  
l.1929     \item H
                  ave we missed any pattern for any problem?
Try typing  <return>  to proceed.
If that doesn't work, type  X <return>  to quit.


/home/pouya/Desktop/projects/msAndBDJournal/Manuscript/journal_version/Microservices-and_BD-Journal.tex:1929: LaTeX Error: Something's wrong--perhaps a missing \item.

See the LaTeX manual or LaTeX Companion for explanation.
Type  H <return>  for immediate help.
 ...                                              
                                                  
l.1929     \item H
                  ave we missed any pattern for any problem?
Try typing  <return>  to proceed.
If that doesn't work, type  X <return>  to quit.


/home/pouya/Desktop/projects/msAndBDJournal/Manuscript/journal_version/Microservices-and_BD-Journal.tex:1929: LaTeX Error: Something's wrong--perhaps a missing \item.

See the LaTeX manual or LaTeX Companion for explanation.
Type  H <return>  for immediate help.
 ...                                              
                                                  
l.1929     \item H
                  ave we missed any pattern for any problem?
Try typing  <return>  to proceed.
If that doesn't work, type  X <return>  to quit.


/home/pouya/Desktop/projects/msAndBDJournal/Manuscript/journal_version/Microservices-and_BD-Journal.tex:1930: LaTeX Error: Something's wrong--perhaps a missing \item.

See the LaTeX manual or LaTeX Companion for explanation.
Type  H <return>  for immediate help.
 ...                                              
                                                  
l.1930 \end{enumerate}
                      
Try typing  <return>  to proceed.
If that doesn't work, type  X <return>  to quit.


LaTeX Warning: Reference `LastPage' on page 41 undefined on input line 1961.

[41]
No file Microservices-and_BD-Journal.bbl.
<Media/PRISMA-Flowchart-V2.JPG, id=366, 577.40718pt x 796.47563pt>
File: Media/PRISMA-Flowchart-V2.JPG Graphic file (type jpg)
<use Media/PRISMA-Flowchart-V2.JPG>
Package pdftex.def Info: Media/PRISMA-Flowchart-V2.JPG  used on input line 2015.
(pdftex.def)             Requested size: 227.62204pt x 313.97853pt.

Package caption Warning: The option `hypcap=true' will be ignored for this
(caption)                particular \caption on input line 2016.
See the caption package documentation for explanation.


LaTeX Warning: `h' float specifier changed to `ht'.

<Media/API Gateway.jpg, id=367, 751.80875pt x 289.08pt>
File: Media/API Gateway.jpg Graphic file (type jpg)
<use Media/API Gateway.jpg>
Package pdftex.def Info: Media/API Gateway.jpg  used on input line 2022.
(pdftex.def)             Requested size: 256.0748pt x 98.46674pt.

Package caption Warning: The option `hypcap=true' will be ignored for this
(caption)                particular \caption on input line 2023.
See the caption package documentation for explanation.


LaTeX Warning: `h' float specifier changed to `ht'.

<Media/Gateway Offloading.jpg, id=368, 814.04124pt x 414.54875pt>
File: Media/Gateway Offloading.jpg Graphic file (type jpg)
<use Media/Gateway Offloading.jpg>
Package pdftex.def Info: Media/Gateway Offloading.jpg  used on input line 2029.
(pdftex.def)             Requested size: 284.52756pt x 144.89182pt.

Package caption Warning: The option `hypcap=true' will be ignored for this
(caption)                particular \caption on input line 2030.
See the caption package documentation for explanation.


LaTeX Warning: `h' float specifier changed to `ht'.

<Media/External Configuration Store.jpg, id=369, 579.16376pt x 332.24126pt>
File: Media/External Configuration Store.jpg Graphic file (type jpg)
<use Media/External Configuration Store.jpg>
Package pdftex.def Info: Media/External Configuration Store.jpg  used on input line 2036.
(pdftex.def)             Requested size: 284.52756pt x 163.2204pt.

Package caption Warning: The option `hypcap=true' will be ignored for this
(caption)                particular \caption on input line 2037.
See the caption package documentation for explanation.


LaTeX Warning: `h' float specifier changed to `ht'.

<Media/Competing Consumers.jpg, id=370, 725.71124pt x 269.005pt>
File: Media/Competing Consumers.jpg Graphic file (type jpg)
<use Media/Competing Consumers.jpg>
Package pdftex.def Info: Media/Competing Consumers.jpg  used on input line 2043.
(pdftex.def)             Requested size: 284.52756pt x 105.46976pt.

Package caption Warning: The option `hypcap=true' will be ignored for this
(caption)                particular \caption on input line 2044.
See the caption package documentation for explanation.


LaTeX Warning: `h' float specifier changed to `ht'.

<Media/Circuit Breaker.jpg, id=371, 789.95125pt x 66.2475pt>
File: Media/Circuit Breaker.jpg Graphic file (type jpg)
<use Media/Circuit Breaker.jpg>
Package pdftex.def Info: Media/Circuit Breaker.jpg  used on input line 2050.
(pdftex.def)             Requested size: 284.52756pt x 23.8612pt.

Package caption Warning: The option `hypcap=true' will be ignored for this
(caption)                particular \caption on input line 2051.
See the caption package documentation for explanation.


LaTeX Warning: `h' float specifier changed to `ht'.

<Media/Log Aggregation Pattern.jpg, id=372, 699.61375pt x 380.42125pt>
File: Media/Log Aggregation Pattern.jpg Graphic file (type jpg)
<use Media/Log Aggregation Pattern.jpg>
Package pdftex.def Info: Media/Log Aggregation Pattern.jpg  used on input line 2057.
(pdftex.def)             Requested size: 284.52756pt x 154.71408pt.

Package caption Warning: The option `hypcap=true' will be ignored for this
(caption)                particular \caption on input line 2058.
See the caption package documentation for explanation.


LaTeX Warning: `h' float specifier changed to `ht'.

<Media/Command and Query Responsibility Segregation.jpg, id=373, 1328.965pt x 344.28625pt>
File: Media/Command and Query Responsibility Segregation.jpg Graphic file (type jpg)
<use Media/Command and Query Responsibility Segregation.jpg>
Package pdftex.def Info: Media/Command and Query Responsibility Segregation.jpg  used on input line 2064.
(pdftex.def)             Requested size: 312.9803pt x 81.08063pt.

Package caption Warning: The option `hypcap=true' will be ignored for this
(caption)                particular \caption on input line 2065.
See the caption package documentation for explanation.


LaTeX Warning: `h' float specifier changed to `ht'.

<Media/Anti-Corruption Layer.jpg, id=374, 1155.31625pt x 437.635pt>
File: Media/Anti-Corruption Layer.jpg Graphic file (type jpg)
<use Media/Anti-Corruption Layer.jpg>
Package pdftex.def Info: Media/Anti-Corruption Layer.jpg  used on input line 2071.
(pdftex.def)             Requested size: 312.9803pt x 118.557pt.

Package caption Warning: The option `hypcap=true' will be ignored for this
(caption)                particular \caption on input line 2072.
See the caption package documentation for explanation.


LaTeX Warning: `h' float specifier changed to `ht'.

<Media/Backend for Frontend.jpg, id=375, 980.66376pt x 645.41125pt>
File: Media/Backend for Frontend.jpg Graphic file (type jpg)
<use Media/Backend for Frontend.jpg>
Package pdftex.def Info: Media/Backend for Frontend.jpg  used on input line 2078.
(pdftex.def)             Requested size: 312.9803pt x 205.98431pt.

Package caption Warning: The option `hypcap=true' will be ignored for this
(caption)                particular \caption on input line 2079.
See the caption package documentation for explanation.


LaTeX Warning: `h' float specifier changed to `ht'.

<Media/Pipes and Filters.jpg, id=376, 1383.1675pt x 71.26625pt>
File: Media/Pipes and Filters.jpg Graphic file (type jpg)
<use Media/Pipes and Filters.jpg>
Package pdftex.def Info: Media/Pipes and Filters.jpg  used on input line 2085.
(pdftex.def)             Requested size: 312.9803pt x 16.12555pt.

Package caption Warning: The option `hypcap=true' will be ignored for this
(caption)                particular \caption on input line 2086.
See the caption package documentation for explanation.


LaTeX Warning: `h' float specifier changed to `ht'.

<Media/Vol-1 Requirement RA.jpg, id=377, 1469.49pt x 743.77875pt>
File: Media/Vol-1 Requirement RA.jpg Graphic file (type jpg)
<use Media/Vol-1 Requirement RA.jpg>
Package pdftex.def Info: Media/Vol-1 Requirement RA.jpg  used on input line 2093.
(pdftex.def)             Requested size: 341.43306pt x 172.81328pt.

Package caption Warning: The option `hypcap=true' will be ignored for this
(caption)                particular \caption on input line 2094.
See the caption package documentation for explanation.


LaTeX Warning: `h' float specifier changed to `ht'.

<Media/Velocity Requirement.jpg, id=378, 1512.65125pt x 726.715pt>
File: Media/Velocity Requirement.jpg Graphic file (type jpg)
<use Media/Velocity Requirement.jpg>
Package pdftex.def Info: Media/Velocity Requirement.jpg  used on input line 2100.
(pdftex.def)             Requested size: 341.43306pt x 164.02498pt.

Package caption Warning: The option `hypcap=true' will be ignored for this
(caption)                particular \caption on input line 2101.
See the caption package documentation for explanation.


LaTeX Warning: `!h' float specifier changed to `!ht'.

<Media/Value Requirement.jpg, id=379, 1752.5475pt x 729.72626pt>
File: Media/Value Requirement.jpg Graphic file (type jpg)
<use Media/Value Requirement.jpg>
Package pdftex.def Info: Media/Value Requirement.jpg  used on input line 2108.
(pdftex.def)             Requested size: 341.43306pt x 142.15686pt.

Package caption Warning: The option `hypcap=true' will be ignored for this
(caption)                particular \caption on input line 2109.
See the caption package documentation for explanation.


LaTeX Warning: `h' float specifier changed to `ht'.

<Media/Privacy and Security Requirements.jpg, id=380, 1590.94376pt x 538.01pt>
File: Media/Privacy and Security Requirements.jpg Graphic file (type jpg)
<use Media/Privacy and Security Requirements.jpg>
Package pdftex.def Info: Media/Privacy and Security Requirements.jpg  used on input line 2115.
(pdftex.def)             Requested size: 341.43306pt x 115.45645pt.

Package caption Warning: The option `hypcap=true' will be ignored for this
(caption)                particular \caption on input line 2116.
See the caption package documentation for explanation.


LaTeX Warning: `h' float specifier changed to `ht'.


AED: lastpage setting LastPage

LaTeX Warning: Reference `LastPage' on page 42 undefined on input line 2121.

[42]

LaTeX Warning: Reference `LastPage' on page 43 undefined on input line 2121.

[43 <./Media/PRISMA-Flowchart-V2.JPG> <./Media/API Gateway.jpg>]

LaTeX Warning: Reference `LastPage' on page 44 undefined on input line 2121.

[44 <./Media/Gateway Offloading.jpg> <./Media/External Configuration Store.jpg> <./Media/Competing Consumers.jpg> <./Media/Circuit Breaker.jpg>]

LaTeX Warning: Reference `LastPage' on page 45 undefined on input line 2121.

[45 <./Media/Log Aggregation Pattern.jpg> <./Media/Command and Query Responsibility Segregation.jpg> <./Media/Anti-Corruption Layer.jpg>]

LaTeX Warning: Reference `LastPage' on page 46 undefined on input line 2121.

[46 <./Media/Backend for Frontend.jpg> <./Media/Pipes and Filters.jpg> <./Media/Vol-1 Requirement RA.jpg>]

LaTeX Warning: Reference `LastPage' on page 47 undefined on input line 2121.

[47 <./Media/Velocity Requirement.jpg> <./Media/Value Requirement.jpg> <./Media/Privacy and Security Requirements.jpg>] (./Microservices-and_BD-Journal.aux)

LaTeX Font Warning: Size substitutions with differences
(Font)              up to 1.0pt have occurred.


LaTeX Font Warning: Some font shapes were not available, defaults substituted.


LaTeX Warning: There were undefined references.


LaTeX Warning: Label(s) may have changed. Rerun to get cross-references right.


Package rerunfilecheck Warning: File `Microservices-and_BD-Journal.out' has changed.
(rerunfilecheck)                Rerun to get outlines right
(rerunfilecheck)                or use package `bookmark'.

Package rerunfilecheck Info: Checksums for `Microservices-and_BD-Journal.out':
(rerunfilecheck)             Before: <no file>
(rerunfilecheck)             After:  B482E9314438C6A44DC4F9459437A0A5;12501.
 ) 
Here is how much of TeX's memory you used:
 14954 strings out of 478238
 239819 string characters out of 5850455
 558325 words of memory out of 5000000
 32707 multiletter control sequences out of 15000+600000
 481557 words of font info for 75 fonts, out of 8000000 for 9000
 1141 hyphenation exceptions out of 8191
 72i,11n,77p,1543b,557s stack positions out of 5000i,500n,10000p,200000b,80000s

pdfTeX warning (dest): name{aff2} has been referenced but does not exist, replaced by a fixed one


pdfTeX warning (dest): name{aff3} has been referenced but does not exist, replaced by a fixed one

</usr/share/texmf-dist/fonts/type1/public/amsfonts/cm/cmbx10.pfb></usr/share/texmf-dist/fonts/type1/public/amsfonts/cm/cmbx8.pfb></usr/share/texmf-dist/fonts/type1/public/amsfonts/cm/cmr10.pfb></usr/share/texmf-dist/fonts/type1/public/amsfonts/cm/cmss10.pfb></usr/share/texmf-dist/fonts/type1/public/amsfonts/cm/cmss17.pfb></usr/share/texmf-dist/fonts/type1/public/amsfonts/cm/cmss8.pfb></usr/share/texmf-dist/fonts/type1/public/amsfonts/cm/cmssbx10.pfb></usr/share/texmf-dist/fonts/type1/public/amsfonts/cm/cmssi8.pfb></usr/share/texmf-dist/fonts/type1/public/amsfonts/cm/cmti10.pfb>
Output written on Microservices-and_BD-Journal.pdf (47 pages, 1412684 bytes).
PDF statistics:
 538 PDF objects out of 1000 (max. 8388607)
 451 compressed objects within 5 object streams
 259 named destinations out of 1000 (max. 500000)
 76 words of extra memory for PDF output out of 10000 (max. 10000000)

